2022-08-17 19:02:16,612 - instabot version: 0.117.0 (bot) - INFO - Instabot version: 0.117.0 Started
2022-08-17 19:02:16,613 - instabot version: 0.117.0 (bot) - DEBUG - Bot imported from C:\Users\balos\PycharmProjects\pythonButton\venv\lib\site-packages\instabot\bot\bot.py
2022-08-17 19:02:16,613 - instabot version: 0.117.0 (api_login) - DEBUG - Loading cookies
2022-08-17 19:02:16,613 - instabot version: 0.117.0 (api_login) - DEBUG - Loading uuids
2022-08-17 19:02:16,613 - instabot version: 0.117.0 (api_login) - INFO - Recovery from C:\Users\balos\PycharmProjects\pythonButton/config/anonymiim_uuid_and_cookie.json: COOKIE True - UUIDs True - TIMING, DEVICE and ...
- user-agent=Instagram 117.0.0.28.123 Android (28/9.0; 420dpi; 1080x1920; OnePlus; ONEPLUS A3003; OnePlus3; qcom; en_US; 180322800)
- phone_id=cd9aaa95-b870-4f9e-ba88-7414fe98f34f
- uuid=56af4efc-9b63-4737-af61-7da0516d75d1
- client_session_id=6558c470-a7f5-49c9-a6bb-fdb3e63b7b85
- device_id=android-6a4e5e0bd45e581b
2022-08-17 19:02:16,613 - instabot version: 0.117.0 (api_login) - INFO - LOGIN FLOW! Just logged-in: False
2022-08-17 19:02:17,959 - instabot version: 0.117.0 (api) - DEBUG - POST to endpoint: feed/timeline/ returned response: <Response [200]>
2022-08-17 19:02:18,374 - instabot version: 0.117.0 (api) - DEBUG - POST to endpoint: feed/reels_tray/ returned response: <Response [200]>
2022-08-17 19:02:18,375 - instabot version: 0.117.0 (api) - INFO - Logged-in successfully as 'anonymiim'!
2022-08-17 19:02:18,375 - instabot version: 0.117.0 (bot_checkpoint) - DEBUG - Loading Checkpoint file from: C:\Users\balos\PycharmProjects\pythonButton/config/anonymiim.checkpoint
2022-08-17 19:02:41,637 - instabot version: 0.117.0 (api) - DEBUG - POST to endpoint: media/configure/? returned response: <Response [200]>
2022-08-17 19:02:41,995 - instabot version: 0.117.0 (api) - DEBUG - POST to endpoint: qe/expose/ returned response: <Response [200]>
2022-08-17 19:02:41,998 - instabot version: 0.117.0 (bot_photo) - INFO - Photo '00.jpg' is uploaded.
2022-08-17 19:02:45,912 - instabot version: 0.117.0 (bot_checkpoint) - DEBUG - Saving Checkpoint file to: C:\Users\balos\PycharmProjects\pythonButton/config/anonymiim.checkpoint
2022-08-17 19:02:45,913 - instabot version: 0.117.0 (bot) - INFO - Total requests: 35
