2022-08-17 20:09:04,530 - instabot version: 0.117.0 (bot) - INFO - Instabot version: 0.117.0 Started
2022-08-17 20:09:04,530 - instabot version: 0.117.0 (bot) - DEBUG - Bot imported from C:\Users\balos\PycharmProjects\pythonButton\venv\lib\site-packages\instabot\bot\bot.py
2022-08-17 20:09:04,530 - instabot version: 0.117.0 (api_login) - DEBUG - Loading cookies
2022-08-17 20:09:04,530 - instabot version: 0.117.0 (api_login) - DEBUG - Loading uuids
2022-08-17 20:09:04,530 - instabot version: 0.117.0 (api_login) - INFO - Recovery from C:\Users\balos\PycharmProjects\pythonButton/config/anonymiim_uuid_and_cookie.json: COOKIE True - UUIDs True - TIMING, DEVICE and ...
- user-agent=Instagram 117.0.0.28.123 Android (28/9.0; 420dpi; 1080x1920; OnePlus; ONEPLUS A3003; OnePlus3; qcom; en_US; 180322800)
- phone_id=cd9aaa95-b870-4f9e-ba88-7414fe98f34f
- uuid=56af4efc-9b63-4737-af61-7da0516d75d1
- client_session_id=735f3b58-6e3c-4dfb-81a6-c831d8aaeacb
- device_id=android-6a4e5e0bd45e581b
2022-08-17 20:09:04,541 - instabot version: 0.117.0 (api_login) - INFO - LOGIN FLOW! Just logged-in: False
2022-08-17 20:09:06,422 - instabot version: 0.117.0 (api) - DEBUG - POST to endpoint: feed/timeline/ returned response: <Response [200]>
2022-08-17 20:09:06,891 - instabot version: 0.117.0 (api) - DEBUG - POST to endpoint: feed/reels_tray/ returned response: <Response [200]>
2022-08-17 20:09:06,892 - instabot version: 0.117.0 (api) - INFO - Logged-in successfully as 'anonymiim'!
2022-08-17 20:09:06,892 - instabot version: 0.117.0 (bot_checkpoint) - DEBUG - Loading Checkpoint file from: C:\Users\balos\PycharmProjects\pythonButton/config/anonymiim.checkpoint
2022-08-17 20:09:27,807 - instabot version: 0.117.0 (api) - DEBUG - POST to endpoint: media/configure/? returned response: <Response [200]>
2022-08-17 20:09:29,505 - instabot version: 0.117.0 (api) - DEBUG - POST to endpoint: qe/expose/ returned response: <Response [200]>
2022-08-17 20:09:29,507 - instabot version: 0.117.0 (bot_photo) - INFO - Photo '00.jpeg' is uploaded.
2022-08-17 20:10:27,714 - instabot version: 0.117.0 (bot_checkpoint) - DEBUG - Saving Checkpoint file to: C:\Users\balos\PycharmProjects\pythonButton/config/anonymiim.checkpoint
2022-08-17 20:10:27,715 - instabot version: 0.117.0 (bot) - INFO - Total requests: 45
